<?xml version="1.0" encoding="UTF-8"?>
<!-- Generated by org.testng.reporters.JUnitReportReporter -->
<testsuite hostname="scsbwin-323776" name="HTM.HTM2" tests="1" failures="0" timestamp="30 Oct 2015 10:24:44 GMT" time="53.588" errors="0">
  <testcase name="initialDriver" time="53.588" classname="HTM.HTM2"/>
</testsuite> <!-- HTM.HTM2 -->
