<?xml version="1.0" encoding="UTF-8"?>
<!-- Generated by org.testng.reporters.JUnitReportReporter -->
<testsuite hostname="scsbwin-323776" name="HTM.HotelManage" tests="1" failures="0" timestamp="30 Oct 2015 11:27:28 GMT" time="254.184" errors="0">
  <testcase name="initialDriver" time="254.184" classname="HTM.HotelManage"/>
</testsuite> <!-- HTM.HotelManage -->
